0 info it worked if it ends with ok
1 verbose cli [ 'C:\\Program Files\\nodejs\\\\node.exe',
1 verbose cli   'C:\\Program Files\\nodejs\\node_modules\\npm\\bin\\npm-cli.js',
1 verbose cli   'install',
1 verbose cli   'scissors' ]
2 info using npm@2.11.3
3 info using node@v0.12.7
4 verbose config Skipping project config: C:\Users\ncarlson/.npmrc. (matches userconfig)
5 verbose install initial load of C:\Users\ncarlson\package.json
6 verbose installManyTop reading scoped package data from C:\Users\ncarlson\node_modules\adm-zip\package.json
7 verbose installManyTop reading scoped package data from C:\Users\ncarlson\node_modules\file\package.json
8 verbose installManyTop reading scoped package data from C:\Users\ncarlson\node_modules\multer\package.json
9 verbose installManyTop reading scoped package data from C:\Users\ncarlson\node_modules\mv\package.json
10 verbose installManyTop reading scoped package data from C:\Users\ncarlson\node_modules\rmdir\package.json
11 info package.json adm-zip@0.4.7 No license field.
12 info package.json rmdir@1.1.0 No license field.
13 verbose readDependencies loading dependencies from C:\Users\ncarlson\package.json
14 silly cache add args [ 'scissors', null ]
15 verbose cache add spec scissors
16 silly cache add parsed spec { raw: 'scissors',
16 silly cache add   scope: null,
16 silly cache add   name: 'scissors',
16 silly cache add   rawSpec: '',
16 silly cache add   spec: '*',
16 silly cache add   type: 'range' }
17 silly addNamed scissors@*
18 verbose addNamed "*" is a valid semver range for scissors
19 silly addNameRange { name: 'scissors', range: '*', hasData: false }
20 silly mapToRegistry name scissors
21 silly mapToRegistry using default registry
22 silly mapToRegistry registry https://registry.npmjs.org/
23 silly mapToRegistry uri https://registry.npmjs.org/scissors
24 verbose addNameRange registry:https://registry.npmjs.org/scissors not in flight; fetching
25 verbose request uri https://registry.npmjs.org/scissors
26 verbose request no auth needed
27 info attempt registry request try #1 at 10:50:13 AM
28 verbose request id 0a35a57156b8c56f
29 verbose etag "34CG5S2L66LRKYGYYGA39STR5"
30 http request GET https://registry.npmjs.org/scissors
31 http 304 https://registry.npmjs.org/scissors
32 silly get cb [ 304,
32 silly get   { date: 'Tue, 06 Oct 2015 17:50:13 GMT',
32 silly get     via: '1.1 varnish',
32 silly get     'cache-control': 'max-age=60',
32 silly get     etag: '"34CG5S2L66LRKYGYYGA39STR5"',
32 silly get     age: '0',
32 silly get     connection: 'keep-alive',
32 silly get     'x-served-by': 'cache-lax1433-LAX',
32 silly get     'x-cache': 'MISS',
32 silly get     'x-cache-hits': '0',
32 silly get     'x-timer': 'S1444153813.376581,VS0,VE85',
32 silly get     vary: 'Accept' } ]
33 verbose etag https://registry.npmjs.org/scissors from cache
34 verbose get saving scissors to C:\Users\ncarlson\AppData\Roaming\npm-cache\registry.npmjs.org\scissors\.cache.json
35 silly addNameRange number 2 { name: 'scissors', range: '*', hasData: true }
36 silly addNameRange versions [ 'scissors', [ '0.1.0' ] ]
37 silly addNamed scissors@0.1.0
38 verbose addNamed "0.1.0" is a plain semver version for scissors
39 silly cache afterAdd scissors@0.1.0
40 verbose afterAdd C:\Users\ncarlson\AppData\Roaming\npm-cache\scissors\0.1.0\package\package.json not in flight; writing
41 verbose afterAdd C:\Users\ncarlson\AppData\Roaming\npm-cache\scissors\0.1.0\package\package.json written
42 silly install resolved [ { name: 'scissors',
42 silly install resolved     version: '0.1.0',
42 silly install resolved     description: 'PDF manipulation in Node.js! Split, join, crop, read, extract, boil, mash, stick them in a stew. ',
42 silly install resolved     main: 'scissors.js',
42 silly install resolved     dependencies:
42 silly install resolved      { temp: '~0.4.0',
42 silly install resolved        bufferjs: '~2.0.0',
42 silly install resolved        bufferstream: '~0.5.1',
42 silly install resolved        async: '~0.1.22' },
42 silly install resolved     devDependencies: {},
42 silly install resolved     repository: { type: 'git', url: 'git+https://github.com/tcr/scissors.git' },
42 silly install resolved     author: { name: 'Tim Cameron Ryan' },
42 silly install resolved     license: 'MIT',
42 silly install resolved     keywords:
42 silly install resolved      [ 'pdf',
42 silly install resolved        'manipulation',
42 silly install resolved        'postscript',
42 silly install resolved        'document',
42 silly install resolved        'split',
42 silly install resolved        'join',
42 silly install resolved        'crop' ],
42 silly install resolved     _id: 'scissors@0.1.0',
42 silly install resolved     dist:
42 silly install resolved      { shasum: 'e3a0a452420c459e47a2f9f71d6f711d772d7b8b',
42 silly install resolved        tarball: 'http://registry.npmjs.org/scissors/-/scissors-0.1.0.tgz' },
42 silly install resolved     _npmVersion: '1.1.65',
42 silly install resolved     _npmUser: { name: 'timcameronryan', email: 'id@timryan.org' },
42 silly install resolved     maintainers: [ [Object] ],
42 silly install resolved     directories: {},
42 silly install resolved     _shasum: 'e3a0a452420c459e47a2f9f71d6f711d772d7b8b',
42 silly install resolved     _resolved: 'https://registry.npmjs.org/scissors/-/scissors-0.1.0.tgz',
42 silly install resolved     _from: 'scissors@*',
42 silly install resolved     bugs: { url: 'https://github.com/tcr/scissors/issues' },
42 silly install resolved     readme: 'ERROR: No README data found!',
42 silly install resolved     homepage: 'https://github.com/tcr/scissors#readme' } ]
43 info install scissors@0.1.0 into C:\Users\ncarlson
44 info installOne scissors@0.1.0
45 verbose installOne of scissors to C:\Users\ncarlson not in flight; installing
46 verbose lock using C:\Users\ncarlson\AppData\Roaming\npm-cache\_locks\scissors-99ec26b2028e087e.lock for C:\Users\ncarlson\node_modules\scissors
47 silly install write writing scissors 0.1.0 to C:\Users\ncarlson\node_modules\scissors
48 verbose unbuild node_modules\scissors
49 silly gentlyRm C:\Users\ncarlson\node_modules\scissors is being purged from base C:\Users\ncarlson
50 verbose gentlyRm don't care about contents; nuking C:\Users\ncarlson\node_modules\scissors
51 verbose tar unpack C:\Users\ncarlson\AppData\Roaming\npm-cache\scissors\0.1.0\package.tgz
52 verbose tar unpacking to C:\Users\ncarlson\node_modules\scissors
53 silly gentlyRm C:\Users\ncarlson\node_modules\scissors is being purged
54 verbose gentlyRm don't care about contents; nuking C:\Users\ncarlson\node_modules\scissors
55 silly gunzTarPerm modes [ '777', '666' ]
56 silly gunzTarPerm extractEntry package.json
57 silly gunzTarPerm modified mode [ 'package.json', 420, 438 ]
58 silly gunzTarPerm extractEntry README.md
59 silly gunzTarPerm modified mode [ 'README.md', 420, 438 ]
60 silly gunzTarPerm extractEntry scissors.js
61 silly gunzTarPerm modified mode [ 'scissors.js', 420, 438 ]
62 silly gunzTarPerm extractEntry bin/crop.js
63 silly gunzTarPerm modified mode [ 'bin/crop.js', 493, 511 ]
64 silly gunzTarPerm extractEntry bin/rasterize.js
65 silly gunzTarPerm modified mode [ 'bin/rasterize.js', 493, 511 ]
66 silly gunzTarPerm extractEntry contrib/ps2ascii.ps
67 silly gunzTarPerm modified mode [ 'contrib/ps2ascii.ps', 420, 438 ]
68 silly gunzTarPerm extractEntry example/test.js
69 silly gunzTarPerm modified mode [ 'example/test.js', 420, 438 ]
70 silly gunzTarPerm extractEntry example/test.pdf
71 silly gunzTarPerm modified mode [ 'example/test.pdf', 420, 438 ]
72 verbose write writing to C:\Users\ncarlson\node_modules\scissors\package.json
73 info preinstall scissors@0.1.0
74 verbose readDependencies loading dependencies from C:\Users\ncarlson\node_modules\scissors\package.json
75 silly prepareForInstallMany adding temp@~0.4.0 from scissors dependencies
76 silly prepareForInstallMany adding bufferjs@~2.0.0 from scissors dependencies
77 silly prepareForInstallMany adding bufferstream@~0.5.1 from scissors dependencies
78 silly prepareForInstallMany adding async@~0.1.22 from scissors dependencies
79 verbose readDependencies loading dependencies from C:\Users\ncarlson\node_modules\scissors\package.json
80 silly cache add args [ 'bufferstream@~0.5.1', null ]
81 verbose cache add spec bufferstream@~0.5.1
82 silly cache add parsed spec { raw: 'bufferstream@~0.5.1',
82 silly cache add   scope: null,
82 silly cache add   name: 'bufferstream',
82 silly cache add   rawSpec: '~0.5.1',
82 silly cache add   spec: '>=0.5.1 <0.6.0',
82 silly cache add   type: 'range' }
83 silly addNamed bufferstream@>=0.5.1 <0.6.0
84 verbose addNamed ">=0.5.1 <0.6.0" is a valid semver range for bufferstream
85 silly addNameRange { name: 'bufferstream', range: '>=0.5.1 <0.6.0', hasData: false }
86 silly mapToRegistry name bufferstream
87 silly mapToRegistry using default registry
88 silly mapToRegistry registry https://registry.npmjs.org/
89 silly mapToRegistry uri https://registry.npmjs.org/bufferstream
90 verbose addNameRange registry:https://registry.npmjs.org/bufferstream not in flight; fetching
91 silly cache add args [ 'async@~0.1.22', null ]
92 verbose cache add spec async@~0.1.22
93 silly cache add parsed spec { raw: 'async@~0.1.22',
93 silly cache add   scope: null,
93 silly cache add   name: 'async',
93 silly cache add   rawSpec: '~0.1.22',
93 silly cache add   spec: '>=0.1.22 <0.2.0',
93 silly cache add   type: 'range' }
94 silly addNamed async@>=0.1.22 <0.2.0
95 verbose addNamed ">=0.1.22 <0.2.0" is a valid semver range for async
96 silly addNameRange { name: 'async', range: '>=0.1.22 <0.2.0', hasData: false }
97 silly mapToRegistry name async
98 silly mapToRegistry using default registry
99 silly mapToRegistry registry https://registry.npmjs.org/
100 silly mapToRegistry uri https://registry.npmjs.org/async
101 verbose addNameRange registry:https://registry.npmjs.org/async not in flight; fetching
102 silly cache add args [ 'temp@~0.4.0', null ]
103 verbose cache add spec temp@~0.4.0
104 silly cache add parsed spec { raw: 'temp@~0.4.0',
104 silly cache add   scope: null,
104 silly cache add   name: 'temp',
104 silly cache add   rawSpec: '~0.4.0',
104 silly cache add   spec: '>=0.4.0 <0.5.0',
104 silly cache add   type: 'range' }
105 silly addNamed temp@>=0.4.0 <0.5.0
106 verbose addNamed ">=0.4.0 <0.5.0" is a valid semver range for temp
107 silly addNameRange { name: 'temp', range: '>=0.4.0 <0.5.0', hasData: false }
108 silly mapToRegistry name temp
109 silly mapToRegistry using default registry
110 silly mapToRegistry registry https://registry.npmjs.org/
111 silly mapToRegistry uri https://registry.npmjs.org/temp
112 verbose addNameRange registry:https://registry.npmjs.org/temp not in flight; fetching
113 silly cache add args [ 'bufferjs@~2.0.0', null ]
114 verbose cache add spec bufferjs@~2.0.0
115 silly cache add parsed spec { raw: 'bufferjs@~2.0.0',
115 silly cache add   scope: null,
115 silly cache add   name: 'bufferjs',
115 silly cache add   rawSpec: '~2.0.0',
115 silly cache add   spec: '>=2.0.0 <2.1.0',
115 silly cache add   type: 'range' }
116 silly addNamed bufferjs@>=2.0.0 <2.1.0
117 verbose addNamed ">=2.0.0 <2.1.0" is a valid semver range for bufferjs
118 silly addNameRange { name: 'bufferjs', range: '>=2.0.0 <2.1.0', hasData: false }
119 silly mapToRegistry name bufferjs
120 silly mapToRegistry using default registry
121 silly mapToRegistry registry https://registry.npmjs.org/
122 silly mapToRegistry uri https://registry.npmjs.org/bufferjs
123 verbose addNameRange registry:https://registry.npmjs.org/bufferjs not in flight; fetching
124 verbose request uri https://registry.npmjs.org/bufferstream
125 verbose request no auth needed
126 info attempt registry request try #1 at 10:50:13 AM
127 verbose etag "EF39L4RVY281I2DYGLB0UIOO1"
128 http request GET https://registry.npmjs.org/bufferstream
129 verbose request uri https://registry.npmjs.org/temp
130 verbose request no auth needed
131 info attempt registry request try #1 at 10:50:13 AM
132 verbose etag "AUUVTI4BQSDTE95UEITUHGNHC"
133 http request GET https://registry.npmjs.org/temp
134 verbose request uri https://registry.npmjs.org/bufferjs
135 verbose request no auth needed
136 info attempt registry request try #1 at 10:50:13 AM
137 verbose etag "2W3GJSAN9S8MSVSA6OZLFQLV5"
138 http request GET https://registry.npmjs.org/bufferjs
139 verbose request uri https://registry.npmjs.org/async
140 verbose request no auth needed
141 info attempt registry request try #1 at 10:50:13 AM
142 verbose etag "7QZHWMJ6B6DBBCDM5Z2LXLOHV"
143 http request GET https://registry.npmjs.org/async
144 http 304 https://registry.npmjs.org/temp
145 silly get cb [ 304,
145 silly get   { date: 'Tue, 06 Oct 2015 17:50:13 GMT',
145 silly get     via: '1.1 varnish',
145 silly get     'cache-control': 'max-age=60',
145 silly get     etag: '"AUUVTI4BQSDTE95UEITUHGNHC"',
145 silly get     age: '38',
145 silly get     connection: 'keep-alive',
145 silly get     'x-served-by': 'cache-lax1421-LAX',
145 silly get     'x-cache': 'HIT',
145 silly get     'x-cache-hits': '1',
145 silly get     'x-timer': 'S1444153813.919012,VS0,VE0',
145 silly get     vary: 'Accept' } ]
146 verbose etag https://registry.npmjs.org/temp from cache
147 verbose get saving temp to C:\Users\ncarlson\AppData\Roaming\npm-cache\registry.npmjs.org\temp\.cache.json
148 http 304 https://registry.npmjs.org/async
149 silly get cb [ 304,
149 silly get   { date: 'Tue, 06 Oct 2015 17:50:13 GMT',
149 silly get     via: '1.1 varnish',
149 silly get     'cache-control': 'max-age=60',
149 silly get     etag: '"7QZHWMJ6B6DBBCDM5Z2LXLOHV"',
149 silly get     age: '47',
149 silly get     connection: 'keep-alive',
149 silly get     'x-served-by': 'cache-lax1425-LAX',
149 silly get     'x-cache': 'HIT',
149 silly get     'x-cache-hits': '8',
149 silly get     'x-timer': 'S1444153813.921267,VS0,VE0',
149 silly get     vary: 'Accept' } ]
150 verbose etag https://registry.npmjs.org/async from cache
151 verbose get saving async to C:\Users\ncarlson\AppData\Roaming\npm-cache\registry.npmjs.org\async\.cache.json
152 silly addNameRange number 2 { name: 'temp', range: '>=0.4.0 <0.5.0', hasData: true }
153 silly addNameRange versions [ 'temp',
153 silly addNameRange   [ '0.2.0',
153 silly addNameRange     '0.3.0',
153 silly addNameRange     '0.4.0',
153 silly addNameRange     '0.5.0',
153 silly addNameRange     '0.5.1',
153 silly addNameRange     '0.6.0',
153 silly addNameRange     '0.7.0',
153 silly addNameRange     '0.8.0',
153 silly addNameRange     '0.8.1',
153 silly addNameRange     '0.8.2',
153 silly addNameRange     '0.8.3' ] ]
154 silly addNamed temp@0.4.0
155 verbose addNamed "0.4.0" is a plain semver version for temp
156 silly addNameRange number 2 { name: 'async', range: '>=0.1.22 <0.2.0', hasData: true }
157 silly addNameRange versions [ 'async',
157 silly addNameRange   [ '0.1.0',
157 silly addNameRange     '0.1.1',
157 silly addNameRange     '0.1.2',
157 silly addNameRange     '0.1.3',
157 silly addNameRange     '0.1.4',
157 silly addNameRange     '0.1.5',
157 silly addNameRange     '0.1.6',
157 silly addNameRange     '0.1.7',
157 silly addNameRange     '0.1.8',
157 silly addNameRange     '0.1.9',
157 silly addNameRange     '0.1.10',
157 silly addNameRange     '0.1.11',
157 silly addNameRange     '0.1.12',
157 silly addNameRange     '0.1.13',
157 silly addNameRange     '0.1.14',
157 silly addNameRange     '0.1.15',
157 silly addNameRange     '0.1.16',
157 silly addNameRange     '0.1.17',
157 silly addNameRange     '0.1.18',
157 silly addNameRange     '0.1.19',
157 silly addNameRange     '0.1.20',
157 silly addNameRange     '0.1.21',
157 silly addNameRange     '0.1.22',
157 silly addNameRange     '0.2.0',
157 silly addNameRange     '0.2.1',
157 silly addNameRange     '0.2.2',
157 silly addNameRange     '0.2.3',
157 silly addNameRange     '0.2.4',
157 silly addNameRange     '0.2.5',
157 silly addNameRange     '0.2.6',
157 silly addNameRange     '0.2.7',
157 silly addNameRange     '0.2.8',
157 silly addNameRange     '0.2.9',
157 silly addNameRange     '0.2.10',
157 silly addNameRange     '0.3.0',
157 silly addNameRange     '0.4.0',
157 silly addNameRange     '0.4.1',
157 silly addNameRange     '0.5.0',
157 silly addNameRange     '0.6.0',
157 silly addNameRange     '0.6.1',
157 silly addNameRange     '0.6.2',
157 silly addNameRange     '0.7.0',
157 silly addNameRange     '0.8.0',
157 silly addNameRange     '0.9.0',
157 silly addNameRange     '0.9.2',
157 silly addNameRange     '1.0.0',
157 silly addNameRange     '1.1.0',
157 silly addNameRange     '1.2.0',
157 silly addNameRange     '1.1.1',
157 silly addNameRange     '1.2.1',
157 silly addNameRange     '1.3.0',
157 silly addNameRange     '1.4.0',
157 silly addNameRange     '1.4.1',
157 silly addNameRange     '1.4.2' ] ]
158 silly addNamed async@0.1.22
159 verbose addNamed "0.1.22" is a plain semver version for async
160 silly cache afterAdd temp@0.4.0
161 verbose afterAdd C:\Users\ncarlson\AppData\Roaming\npm-cache\temp\0.4.0\package\package.json not in flight; writing
162 http 304 https://registry.npmjs.org/bufferjs
163 silly get cb [ 304,
163 silly get   { date: 'Tue, 06 Oct 2015 17:50:13 GMT',
163 silly get     via: '1.1 varnish',
163 silly get     'cache-control': 'max-age=60',
163 silly get     etag: '"2W3GJSAN9S8MSVSA6OZLFQLV5"',
163 silly get     age: '0',
163 silly get     connection: 'keep-alive',
163 silly get     'x-served-by': 'cache-lax1429-LAX',
163 silly get     'x-cache': 'HIT',
163 silly get     'x-cache-hits': '1',
163 silly get     'x-timer': 'S1444153813.930314,VS0,VE50',
163 silly get     vary: 'Accept' } ]
164 verbose etag https://registry.npmjs.org/bufferjs from cache
165 verbose get saving bufferjs to C:\Users\ncarlson\AppData\Roaming\npm-cache\registry.npmjs.org\bufferjs\.cache.json
166 silly cache afterAdd async@0.1.22
167 verbose afterAdd C:\Users\ncarlson\AppData\Roaming\npm-cache\async\0.1.22\package\package.json not in flight; writing
168 http 304 https://registry.npmjs.org/bufferstream
169 silly get cb [ 304,
169 silly get   { date: 'Tue, 06 Oct 2015 17:50:13 GMT',
169 silly get     via: '1.1 varnish',
169 silly get     'cache-control': 'max-age=60',
169 silly get     etag: '"EF39L4RVY281I2DYGLB0UIOO1"',
169 silly get     age: '0',
169 silly get     connection: 'keep-alive',
169 silly get     'x-served-by': 'cache-lax1422-LAX',
169 silly get     'x-cache': 'HIT',
169 silly get     'x-cache-hits': '1',
169 silly get     'x-timer': 'S1444153813.917151,VS0,VE83',
169 silly get     vary: 'Accept' } ]
170 verbose etag https://registry.npmjs.org/bufferstream from cache
171 verbose get saving bufferstream to C:\Users\ncarlson\AppData\Roaming\npm-cache\registry.npmjs.org\bufferstream\.cache.json
172 verbose afterAdd C:\Users\ncarlson\AppData\Roaming\npm-cache\temp\0.4.0\package\package.json written
173 verbose afterAdd C:\Users\ncarlson\AppData\Roaming\npm-cache\async\0.1.22\package\package.json written
174 silly addNameRange number 2 { name: 'bufferjs', range: '>=2.0.0 <2.1.0', hasData: true }
175 silly addNameRange versions [ 'bufferjs',
175 silly addNameRange   [ '0.2.0',
175 silly addNameRange     '0.2.1',
175 silly addNameRange     '0.2.3',
175 silly addNameRange     '1.0.0',
175 silly addNameRange     '1.0.1',
175 silly addNameRange     '1.0.2',
175 silly addNameRange     '1.1.0',
175 silly addNameRange     '1.2.0',
175 silly addNameRange     '1.2.1',
175 silly addNameRange     '2.0.0' ] ]
176 silly addNamed bufferjs@2.0.0
177 verbose addNamed "2.0.0" is a plain semver version for bufferjs
178 silly addNameRange number 2 { name: 'bufferstream', range: '>=0.5.1 <0.6.0', hasData: true }
179 silly addNameRange versions [ 'bufferstream',
179 silly addNameRange   [ '0.0.2',
179 silly addNameRange     '0.0.3',
179 silly addNameRange     '0.1.0',
179 silly addNameRange     '0.1.1',
179 silly addNameRange     '0.1.2',
179 silly addNameRange     '0.1.2-1',
179 silly addNameRange     '0.1.2-2',
179 silly addNameRange     '0.1.2-3',
179 silly addNameRange     '0.1.2-4',
179 silly addNameRange     '0.1.2-5',
179 silly addNameRange     '0.1.2-6',
179 silly addNameRange     '0.1.3',
179 silly addNameRange     '0.1.4',
179 silly addNameRange     '0.1.5',
179 silly addNameRange     '0.1.6',
179 silly addNameRange     '0.2.0',
179 silly addNameRange     '0.3.0',
179 silly addNameRange     '0.4.0',
179 silly addNameRange     '0.4.1',
179 silly addNameRange     '0.4.2',
179 silly addNameRange     '0.4.3',
179 silly addNameRange     '0.4.4',
179 silly addNameRange     '0.4.5',
179 silly addNameRange     '0.4.6',
179 silly addNameRange     '0.4.7',
179 silly addNameRange     '0.4.8',
179 silly addNameRange     '0.4.9',
179 silly addNameRange     '0.4.10',
179 silly addNameRange     '0.5.0-pre',
179 silly addNameRange     '0.5.0-pre2',
179 silly addNameRange     '0.5.0',
179 silly addNameRange     '0.5.1',
179 silly addNameRange     '0.5.2',
179 silly addNameRange     '0.6.0',
179 silly addNameRange     '0.6.1',
179 silly addNameRange     '0.6.2' ] ]
180 silly addNamed bufferstream@0.5.2
181 verbose addNamed "0.5.2" is a plain semver version for bufferstream
182 silly cache afterAdd bufferjs@2.0.0
183 verbose afterAdd C:\Users\ncarlson\AppData\Roaming\npm-cache\bufferjs\2.0.0\package\package.json not in flight; writing
184 silly cache afterAdd bufferstream@0.5.2
185 verbose afterAdd C:\Users\ncarlson\AppData\Roaming\npm-cache\bufferstream\0.5.2\package\package.json not in flight; writing
186 verbose afterAdd C:\Users\ncarlson\AppData\Roaming\npm-cache\bufferjs\2.0.0\package\package.json written
187 verbose afterAdd C:\Users\ncarlson\AppData\Roaming\npm-cache\bufferstream\0.5.2\package\package.json written
188 silly install resolved [ { name: 'temp',
188 silly install resolved     description: 'Temporary files and directories',
188 silly install resolved     tags:
188 silly install resolved      [ 'temporary',
188 silly install resolved        'temp',
188 silly install resolved        'tempfile',
188 silly install resolved        'tempdir',
188 silly install resolved        'tmpfile',
188 silly install resolved        'tmpdir',
188 silly install resolved        'security' ],
188 silly install resolved     version: '0.4.0',
188 silly install resolved     author: { name: 'Bruce Williams', email: 'bruce@codefluency.com' },
188 silly install resolved     directories: { lib: 'lib' },
188 silly install resolved     engines: [ 'node >=0.4.0' ],
188 silly install resolved     main: './lib/temp',
188 silly install resolved     dependencies: {},
188 silly install resolved     devDependencies: {},
188 silly install resolved     repository: { type: 'git', url: 'git://github.com/bruce/node-temp.git' },
188 silly install resolved     _npmUser: { name: 'bruce', email: 'bruce@codefluency.com' },
188 silly install resolved     _id: 'temp@0.4.0',
188 silly install resolved     _engineSupported: true,
188 silly install resolved     _npmVersion: '1.0.106',
188 silly install resolved     _nodeVersion: 'v0.6.0',
188 silly install resolved     _defaultsLoaded: true,
188 silly install resolved     dist:
188 silly install resolved      { shasum: '671ad63d57be0fe9d7294664b3fc400636678a60',
188 silly install resolved        tarball: 'http://registry.npmjs.org/temp/-/temp-0.4.0.tgz' },
188 silly install resolved     maintainers: [ [Object] ],
188 silly install resolved     _shasum: '671ad63d57be0fe9d7294664b3fc400636678a60',
188 silly install resolved     _resolved: 'https://registry.npmjs.org/temp/-/temp-0.4.0.tgz',
188 silly install resolved     _from: 'temp@>=0.4.0 <0.5.0',
188 silly install resolved     bugs: { url: 'https://github.com/bruce/node-temp/issues' },
188 silly install resolved     readme: 'ERROR: No README data found!',
188 silly install resolved     homepage: 'https://github.com/bruce/node-temp#readme' },
188 silly install resolved   { name: 'async',
188 silly install resolved     description: 'Higher-order functions and common patterns for asynchronous code',
188 silly install resolved     main: './index',
188 silly install resolved     author: { name: 'Caolan McMahon' },
188 silly install resolved     version: '0.1.22',
188 silly install resolved     repository: { type: 'git', url: 'git://github.com/caolan/async.git' },
188 silly install resolved     bugs: { url: 'http://github.com/caolan/async/issues' },
188 silly install resolved     licenses: [ [Object] ],
188 silly install resolved     devDependencies: { nodeunit: '>0.0.0', 'uglify-js': '1.2.x', nodelint: '>0.0.0' },
188 silly install resolved     _npmUser: { name: 'caolan', email: 'caolan@caolanmcmahon.com' },
188 silly install resolved     _id: 'async@0.1.22',
188 silly install resolved     dependencies: {},
188 silly install resolved     optionalDependencies: {},
188 silly install resolved     engines: { node: '*' },
188 silly install resolved     _engineSupported: true,
188 silly install resolved     _npmVersion: '1.1.21',
188 silly install resolved     _nodeVersion: 'v0.6.18',
188 silly install resolved     _defaultsLoaded: true,
188 silly install resolved     dist:
188 silly install resolved      { shasum: '0fc1aaa088a0e3ef0ebe2d8831bab0dcf8845061',
188 silly install resolved        tarball: 'http://registry.npmjs.org/async/-/async-0.1.22.tgz' },
188 silly install resolved     maintainers: [ [Object] ],
188 silly install resolved     directories: {},
188 silly install resolved     _shasum: '0fc1aaa088a0e3ef0ebe2d8831bab0dcf8845061',
188 silly install resolved     _resolved: 'https://registry.npmjs.org/async/-/async-0.1.22.tgz',
188 silly install resolved     _from: 'async@>=0.1.22 <0.2.0',
188 silly install resolved     readme: 'ERROR: No README data found!',
188 silly install resolved     homepage: 'https://github.com/caolan/async#readme' },
188 silly install resolved   { name: 'bufferjs',
188 silly install resolved     description: 'Pure JavaScript Buffer utils.',
188 silly install resolved     url: 'http://github.com/coolaj86/node-bufferjs/',
188 silly install resolved     keywords: [ 'util', 'buffer', 'chunk', 'indexOf' ],
188 silly install resolved     author: { name: 'AJ ONeal', email: 'coolaj86@gmail.com' },
188 silly install resolved     contributors: [ [Object], [Object] ],
188 silly install resolved     dependencies: {},
188 silly install resolved     version: '2.0.0',
188 silly install resolved     main: './index',
188 silly install resolved     engines: { node: '>=0.2.0' },
188 silly install resolved     _id: 'bufferjs@2.0.0',
188 silly install resolved     readme: 'ERROR: No README.md file found!',
188 silly install resolved     dist:
188 silly install resolved      { shasum: '685e71ed5c0600e3d703ff9bd012bb3270a39e28',
188 silly install resolved        tarball: 'http://registry.npmjs.org/bufferjs/-/bufferjs-2.0.0.tgz' },
188 silly install resolved     _npmVersion: '1.1.63',
188 silly install resolved     _npmUser: { name: 'coolaj86', email: 'coolaj86@gmail.com' },
188 silly install resolved     maintainers: [ [Object] ],
188 silly install resolved     directories: {},
188 silly install resolved     _shasum: '685e71ed5c0600e3d703ff9bd012bb3270a39e28',
188 silly install resolved     _resolved: 'https://registry.npmjs.org/bufferjs/-/bufferjs-2.0.0.tgz',
188 silly install resolved     _from: 'bufferjs@>=2.0.0 <2.1.0' },
188 silly install resolved   { name: 'bufferstream',
188 silly install resolved     description: 'painless stream buffering and cutting',
188 silly install resolved     version: '0.5.2',
188 silly install resolved     homepage: 'https://github.com/dodo/node-bufferstream',
188 silly install resolved     author: { name: 'dodo', url: 'https://github.com/dodo' },
188 silly install resolved     repository:
188 silly install resolved      { type: 'git',
188 silly install resolved        url: 'git://github.com/dodo/node-bufferstream.git' },
188 silly install resolved     main: 'bufferstream.js',
188 silly install resolved     engines: { node: '>= 0.4.x' },
188 silly install resolved     keywords: [ 'buffer', 'buffers', 'stream', 'streams' ],
188 silly install resolved     scripts:
188 silly install resolved      { test: 'cake build && nodeunit test',
188 silly install resolved        prepublish: 'cake build' },
188 silly install resolved     dependencies: { buffertools: '>= 1.0.3' },
188 silly install resolved     devDependencies:
188 silly install resolved      { nodeunit: '>= 0.5.4',
188 silly install resolved        muffin: '>= 0.2.6',
188 silly install resolved        'coffee-script': '>= 1.1.2',
188 silly install resolved        cli: '>= 0.3.7',
188 silly install resolved        express: '>= 2.4.5' },
188 silly install resolved     licenses: [ [Object] ],
188 silly install resolved     readme: '# BufferStream\n\npainless stream buffering, cutting and piping.\n\n## install\n\n    npm install bufferstream\n\n## api\n\nBufferStream is a full node.js [Stream](http://nodejs.org/docs/v0.4.7/api/streams.html) so it has apis of both [Writeable Stream](http://nodejs.org/docs/v0.4.7/api/streams.html#writable_Stream) and [Readable Stream](http://nodejs.org/docs/v0.4.7/api/streams.html#readable_Stream).\n\n### BufferStream\n\n```javascript\nBufferStream = require(\'bufferstream\')\nstream = new BufferStream([{encoding:\'utf8\', size:\'none\'}]) // default\n```\n * `encoding` default encoding for writing strings\n * `blocking` if true and the source is a child_process the stream will block the entire process (timeouts wont work anymore, but splitting and listening on data still works, because they work sync)\n * `size` defines buffer level or sets buffer to given size (see ↓`setSize` for more)\n * `disabled` immediately call disable\n * `split` short form for:\n\n```javascript\nstream.split(token, function (chunk) {stream.emit(\'data\', chunk)})\n```\n\n### stream.setSize\n\n```javascript\nstream.setSize(size) // can be one of [\'none\', \'flexible\', <number>]\n```\n\ndifferent buffer behaviors can be triggered by size:\n\n * `none` when output drains, bufferstream drains too\n * `flexible` buffers everthing that it gets and not piping out\n * `<number>` `TODO` buffer has given size. buffers everthing until buffer is full. when buffer is full then  the stream will drain\n\n### stream.enable\n\n```javascript\nstream.enable()\n```\n\nenables stream buffering __default__\n\n### stream.disable\n\n```javascript\nstream.disable()\n```\n\nflushes buffer and disables stream buffering.\nBufferStream now pipes all data as long as the output accepting data.\nwhen the output is draining BufferStream will buffer all input temporary.\n\n```javascript\nstream.disable(token, ...)\nstream.disable(tokens) // Array\n```\n * `token[s]` buffer splitters (should be String or Buffer)\n\ndisables given tokens. wont flush until no splitter tokens are left.\n\n### stream.split\n\n```javascript\nstream.split(token, ...)\nstream.split(tokens) // Array\n```\n * `token[s]` buffer splitters (should be String or Buffer)\n\neach time BufferStream finds a splitter token in the input data it will emit a __split__ event.\nthis also works for binary data.\n\n### Event: \'split\'\n\n```javascript\nstream.on(\'split\', function (chunk, token) {…})\nstream.split(token, function (chunk, token) {…}) // only get called for this particular token\n```\n\nwhenever the stream is enabled it will try to find all splitter token in `stream.buffer`,\ncut it off and emit the chunk (without token) as __split__ event.\nthis data will be lost when not handled.\n\nthe chunk is the cut off of `stream.buffer` without the token.\n\n__Warning:__ try to avoid calling `stream.emit(\'data\', newchunk)` more than one time, because this will likely throw `Error: Offset is out of bounds`.\n\n### stream.getBuffer\n\n```javascript\nstream.getBuffer()\n// or just\nstream.buffer\n```\n\nreturns its [Buffer](http://nodejs.org/docs/v0.4.7/api/buffers.html).\n\n### stream.toString\n\n```javascript\nstream.toString()\n```\n\nshortcut for `stream.buffer.toString()`\n\n### stream.length\n\n```javascript\nstream.length\n```\n\nshortcut for `stream.buffer.length`\n\n### PostBuffer\n\n```javascript\nPostBuffer = require(\'bufferstream/postbuffer\')\npost = new PostBuffer(req)\n```\n * `req` http.ServerRequest\n\nfor if you want to get all the post data from a http server request and do some db reqeust before.\n\nbuffer http client\n\n### post.onEnd\n\n```javascript\npost.onEnd(function (data) {…});\n```\n\nset a callback to get all post data from a http server request\n\n### post.pipe\n\n```javascript\npost.pipe(stream, options);\n```\n\npumps data into another stream to allow incoming streams\ngiven options will be passed to Stream.pipe\n\n## example\n\n```javascript\nBufferStream = require(\'bufferstream\')\nstream = new BufferStream({encoding:\'utf8\', size:\'flexible\'})\nstream.split(\'//\', \':\')\nstream.on(\'split\', function (chunk, token) {\n    console.log("got \'%s\' by \'%s\'", chunk.toString(), token.toString())\n})\nstream.write("buffer:stream//23")\nconsole.log(stream.toString())\n```\n\nresults in\n\n    got \'buffer\' by \':\'\n    got \'stream\' by \'//\'\n    23\n\n* https://github.com/dodo/node-bufferstream/blob/master/example/split.js\n\n## FAQ\n\n> I\'m not sure from your readme what the split event emits?\n\nyou can specify more than one split token .. so it\'s emitted whenever\na token is found.\n\n> does it emit the buffer up to the just before the token starts?\n\nyes.\n\n> also, does it join buffers together if they do not already end in a token?\n\nwhen size is `flexible` it joins everything together what it gets to\none buffer (accessible through `stream.buffer` or\n`stream.getBuffer()`)\nwhenever it gets data, it will try to find all tokens\n\n> in other words, can I use this to rechunk a stream so that the chunks always break on newlines, for example?\n\nyes.\n\n```javascript\nstream = new BufferStream({size:\'flexible\'});\nstream.split(\'\\n\', function (line) { // line doesn\'t have a \'\\n\' anymore\n    stream.emit(\'data\', line); // Buffer.isBuffer(line) === true\n});\n```\n\n[![Build Status](https://secure.travis-ci.org/dodo/node-bufferstream.png)](http://travis-ci.org/dodo/node-bufferstream)\n',
188 silly install resolved     readmeFilename: 'README.md',
188 silly install resolved     _id: 'bufferstream@0.5.2',
188 silly install resolved     dist:
188 silly install resolved      { shasum: '599c9224e6690c42a5cd5dea96511bf09d0094fc',
188 silly install resolved        tarball: 'http://registry.npmjs.org/bufferstream/-/bufferstream-0.5.2.tgz' },
188 silly install resolved     _from: 'bufferstream@>=0.5.1 <0.6.0',
188 silly install resolved     _npmVersion: '1.2.18',
188 silly install resolved     _npmUser: { name: 'dodo', email: 'dodo@blacksec.org' },
188 silly install resolved     maintainers: [ [Object] ],
188 silly install resolved     directories: {},
188 silly install resolved     _shasum: '599c9224e6690c42a5cd5dea96511bf09d0094fc',
188 silly install resolved     _resolved: 'https://registry.npmjs.org/bufferstream/-/bufferstream-0.5.2.tgz',
188 silly install resolved     bugs: { url: 'https://github.com/dodo/node-bufferstream/issues' } } ]
189 info install temp@0.4.0 into C:\Users\ncarlson\node_modules\scissors
190 info install async@0.1.22 into C:\Users\ncarlson\node_modules\scissors
191 info install bufferjs@2.0.0 into C:\Users\ncarlson\node_modules\scissors
192 info install bufferstream@0.5.2 into C:\Users\ncarlson\node_modules\scissors
193 info installOne temp@0.4.0
194 verbose installOne of temp to C:\Users\ncarlson\node_modules\scissors not in flight; installing
195 info installOne async@0.1.22
196 verbose installOne of async to C:\Users\ncarlson\node_modules\scissors not in flight; installing
197 info installOne bufferjs@2.0.0
198 verbose installOne of bufferjs to C:\Users\ncarlson\node_modules\scissors not in flight; installing
199 info installOne bufferstream@0.5.2
200 verbose installOne of bufferstream to C:\Users\ncarlson\node_modules\scissors not in flight; installing
201 verbose lock using C:\Users\ncarlson\AppData\Roaming\npm-cache\_locks\async-cf6157642a0ef901.lock for C:\Users\ncarlson\node_modules\scissors\node_modules\async
202 verbose lock using C:\Users\ncarlson\AppData\Roaming\npm-cache\_locks\temp-4e7a1a66974585e6.lock for C:\Users\ncarlson\node_modules\scissors\node_modules\temp
203 silly install write writing async 0.1.22 to C:\Users\ncarlson\node_modules\scissors\node_modules\async
204 silly install write writing temp 0.4.0 to C:\Users\ncarlson\node_modules\scissors\node_modules\temp
205 verbose lock using C:\Users\ncarlson\AppData\Roaming\npm-cache\_locks\bufferjs-25a1c06c271d363d.lock for C:\Users\ncarlson\node_modules\scissors\node_modules\bufferjs
206 verbose lock using C:\Users\ncarlson\AppData\Roaming\npm-cache\_locks\bufferstream-0c20852da1db5daa.lock for C:\Users\ncarlson\node_modules\scissors\node_modules\bufferstream
207 silly install write writing bufferjs 2.0.0 to C:\Users\ncarlson\node_modules\scissors\node_modules\bufferjs
208 silly install write writing bufferstream 0.5.2 to C:\Users\ncarlson\node_modules\scissors\node_modules\bufferstream
209 verbose unbuild node_modules\scissors\node_modules\async
210 verbose unbuild node_modules\scissors\node_modules\temp
211 silly gentlyRm C:\Users\ncarlson\node_modules\scissors\node_modules\async is being purged from base C:\Users\ncarlson
212 verbose gentlyRm don't care about contents; nuking C:\Users\ncarlson\node_modules\scissors\node_modules\async
213 silly gentlyRm C:\Users\ncarlson\node_modules\scissors\node_modules\temp is being purged from base C:\Users\ncarlson
214 verbose gentlyRm don't care about contents; nuking C:\Users\ncarlson\node_modules\scissors\node_modules\temp
215 verbose unbuild node_modules\scissors\node_modules\bufferjs
216 verbose tar unpack C:\Users\ncarlson\AppData\Roaming\npm-cache\async\0.1.22\package.tgz
217 verbose tar unpacking to C:\Users\ncarlson\node_modules\scissors\node_modules\async
218 silly gentlyRm C:\Users\ncarlson\node_modules\scissors\node_modules\async is being purged
219 verbose gentlyRm don't care about contents; nuking C:\Users\ncarlson\node_modules\scissors\node_modules\async
220 verbose unbuild node_modules\scissors\node_modules\bufferstream
221 verbose tar unpack C:\Users\ncarlson\AppData\Roaming\npm-cache\temp\0.4.0\package.tgz
222 verbose tar unpacking to C:\Users\ncarlson\node_modules\scissors\node_modules\temp
223 silly gentlyRm C:\Users\ncarlson\node_modules\scissors\node_modules\temp is being purged
224 verbose gentlyRm don't care about contents; nuking C:\Users\ncarlson\node_modules\scissors\node_modules\temp
225 silly gunzTarPerm modes [ '777', '666' ]
226 silly gunzTarPerm modes [ '777', '666' ]
227 silly gentlyRm C:\Users\ncarlson\node_modules\scissors\node_modules\bufferjs is being purged from base C:\Users\ncarlson
228 verbose gentlyRm don't care about contents; nuking C:\Users\ncarlson\node_modules\scissors\node_modules\bufferjs
229 silly gentlyRm C:\Users\ncarlson\node_modules\scissors\node_modules\bufferstream is being purged from base C:\Users\ncarlson
230 verbose gentlyRm don't care about contents; nuking C:\Users\ncarlson\node_modules\scissors\node_modules\bufferstream
231 verbose tar unpack C:\Users\ncarlson\AppData\Roaming\npm-cache\bufferjs\2.0.0\package.tgz
232 verbose tar unpacking to C:\Users\ncarlson\node_modules\scissors\node_modules\bufferjs
233 silly gentlyRm C:\Users\ncarlson\node_modules\scissors\node_modules\bufferjs is being purged
234 verbose gentlyRm don't care about contents; nuking C:\Users\ncarlson\node_modules\scissors\node_modules\bufferjs
235 verbose tar unpack C:\Users\ncarlson\AppData\Roaming\npm-cache\bufferstream\0.5.2\package.tgz
236 verbose tar unpacking to C:\Users\ncarlson\node_modules\scissors\node_modules\bufferstream
237 silly gentlyRm C:\Users\ncarlson\node_modules\scissors\node_modules\bufferstream is being purged
238 verbose gentlyRm don't care about contents; nuking C:\Users\ncarlson\node_modules\scissors\node_modules\bufferstream
239 silly gunzTarPerm modes [ '777', '666' ]
240 silly gunzTarPerm modes [ '777', '666' ]
241 silly gunzTarPerm extractEntry package.json
242 silly gunzTarPerm modified mode [ 'package.json', 420, 438 ]
243 silly gunzTarPerm extractEntry .gitignore
244 silly gunzTarPerm modified mode [ '.gitignore', 420, 438 ]
245 silly gunzTarPerm extractEntry package.json
246 silly gunzTarPerm modified mode [ 'package.json', 420, 438 ]
247 silly gunzTarPerm extractEntry package.json
248 silly gunzTarPerm modified mode [ 'package.json', 420, 438 ]
249 silly gunzTarPerm extractEntry .npmignore
250 silly gunzTarPerm modified mode [ '.npmignore', 420, 438 ]
251 silly gunzTarPerm extractEntry README.md
252 silly gunzTarPerm modified mode [ 'README.md', 420, 438 ]
253 silly gunzTarPerm extractEntry LICENSE
254 silly gunzTarPerm modified mode [ 'LICENSE', 420, 438 ]
255 silly gunzTarPerm extractEntry package.json
256 silly gunzTarPerm modified mode [ 'package.json', 420, 438 ]
257 silly gunzTarPerm extractEntry add-chunk.js
258 silly gunzTarPerm modified mode [ 'add-chunk.js', 420, 438 ]
259 silly gunzTarPerm extractEntry index.js
260 silly gunzTarPerm modified mode [ 'index.js', 420, 438 ]
261 silly gunzTarPerm extractEntry .npmignore
262 silly gunzTarPerm modified mode [ '.npmignore', 420, 438 ]
263 silly gunzTarPerm extractEntry README.md
264 silly gunzTarPerm modified mode [ 'README.md', 420, 438 ]
265 silly gunzTarPerm extractEntry LICENSE
266 silly gunzTarPerm modified mode [ 'LICENSE', 420, 438 ]
267 silly gunzTarPerm extractEntry README.md
268 silly gunzTarPerm modified mode [ 'README.md', 420, 438 ]
269 silly gunzTarPerm extractEntry examples/grepcount.js
270 silly gunzTarPerm modified mode [ 'examples/grepcount.js', 420, 438 ]
271 silly gunzTarPerm extractEntry indexOf.js
272 silly gunzTarPerm modified mode [ 'indexOf.js', 420, 438 ]
273 silly gunzTarPerm extractEntry LICENSE
274 silly gunzTarPerm modified mode [ 'LICENSE', 420, 438 ]
275 silly gunzTarPerm extractEntry events.js
276 silly gunzTarPerm modified mode [ 'events.js', 420, 438 ]
277 silly gunzTarPerm extractEntry index.js
278 silly gunzTarPerm modified mode [ 'index.js', 420, 438 ]
279 silly gunzTarPerm extractEntry Makefile
280 silly gunzTarPerm modified mode [ 'Makefile', 420, 438 ]
281 silly gunzTarPerm extractEntry lib/async.js
282 silly gunzTarPerm modified mode [ 'lib/async.js', 420, 438 ]
283 silly gunzTarPerm extractEntry examples/pdfcreator.js
284 silly gunzTarPerm modified mode [ 'examples/pdfcreator.js', 420, 438 ]
285 silly gunzTarPerm extractEntry lib/temp.js
286 silly gunzTarPerm modified mode [ 'lib/temp.js', 420, 438 ]
287 silly gunzTarPerm extractEntry postbuffer.js
288 silly gunzTarPerm modified mode [ 'postbuffer.js', 420, 438 ]
289 silly gunzTarPerm extractEntry bufferstream.js
290 silly gunzTarPerm modified mode [ 'bufferstream.js', 420, 438 ]
291 silly gunzTarPerm extractEntry test/temp-test.js
292 silly gunzTarPerm modified mode [ 'test/temp-test.js', 420, 438 ]
293 verbose write writing to C:\Users\ncarlson\node_modules\scissors\node_modules\bufferjs\package.json
294 silly gunzTarPerm extractEntry todo
295 silly gunzTarPerm modified mode [ 'todo', 420, 438 ]
296 silly gunzTarPerm extractEntry ..travis.yml.un~
297 silly gunzTarPerm modified mode [ '..travis.yml.un~', 420, 438 ]
298 silly gunzTarPerm extractEntry lib/fn.js
299 silly gunzTarPerm modified mode [ 'lib/fn.js', 420, 438 ]
300 silly gunzTarPerm extractEntry lib/buffer-stream.js
301 silly gunzTarPerm modified mode [ 'lib/buffer-stream.js', 420, 438 ]
302 silly gunzTarPerm extractEntry lib/post-buffer.js
303 silly gunzTarPerm modified mode [ 'lib/post-buffer.js', 420, 438 ]
304 silly gunzTarPerm extractEntry .travis.yml
305 silly gunzTarPerm modified mode [ '.travis.yml', 420, 438 ]
306 silly gunzTarPerm extractEntry test/stream.js
307 silly gunzTarPerm modified mode [ 'test/stream.js', 420, 438 ]
308 silly gunzTarPerm extractEntry test/buffer.js
309 silly gunzTarPerm modified mode [ 'test/buffer.js', 420, 438 ]
310 silly gunzTarPerm extractEntry .gitmodules
311 silly gunzTarPerm modified mode [ '.gitmodules', 420, 438 ]
312 info preinstall bufferjs@2.0.0
313 verbose readDependencies loading dependencies from C:\Users\ncarlson\node_modules\scissors\node_modules\bufferjs\package.json
314 verbose readDependencies loading dependencies from C:\Users\ncarlson\node_modules\scissors\node_modules\bufferjs\package.json
315 silly install resolved []
316 verbose about to build C:\Users\ncarlson\node_modules\scissors\node_modules\bufferjs
317 info build C:\Users\ncarlson\node_modules\scissors\node_modules\bufferjs
318 info linkStuff bufferjs@2.0.0
319 silly linkStuff bufferjs@2.0.0 has C:\Users\ncarlson\node_modules\scissors\node_modules as its parent node_modules
320 verbose linkBins bufferjs@2.0.0
321 verbose linkMans bufferjs@2.0.0
322 verbose rebuildBundles bufferjs@2.0.0
323 info install bufferjs@2.0.0
324 info postinstall bufferjs@2.0.0
325 verbose unlock done using C:\Users\ncarlson\AppData\Roaming\npm-cache\_locks\bufferjs-25a1c06c271d363d.lock for C:\Users\ncarlson\node_modules\scissors\node_modules\bufferjs
326 verbose write writing to C:\Users\ncarlson\node_modules\scissors\node_modules\temp\package.json
327 info preinstall temp@0.4.0
328 verbose readDependencies loading dependencies from C:\Users\ncarlson\node_modules\scissors\node_modules\temp\package.json
329 verbose readDependencies loading dependencies from C:\Users\ncarlson\node_modules\scissors\node_modules\temp\package.json
330 silly install resolved []
331 verbose about to build C:\Users\ncarlson\node_modules\scissors\node_modules\temp
332 info build C:\Users\ncarlson\node_modules\scissors\node_modules\temp
333 info linkStuff temp@0.4.0
334 silly linkStuff temp@0.4.0 has C:\Users\ncarlson\node_modules\scissors\node_modules as its parent node_modules
335 verbose linkBins temp@0.4.0
336 verbose linkMans temp@0.4.0
337 verbose rebuildBundles temp@0.4.0
338 info install temp@0.4.0
339 info postinstall temp@0.4.0
340 verbose unlock done using C:\Users\ncarlson\AppData\Roaming\npm-cache\_locks\temp-4e7a1a66974585e6.lock for C:\Users\ncarlson\node_modules\scissors\node_modules\temp
341 verbose write writing to C:\Users\ncarlson\node_modules\scissors\node_modules\async\package.json
342 info preinstall async@0.1.22
343 verbose readDependencies loading dependencies from C:\Users\ncarlson\node_modules\scissors\node_modules\async\package.json
344 verbose readDependencies loading dependencies from C:\Users\ncarlson\node_modules\scissors\node_modules\async\package.json
345 verbose write writing to C:\Users\ncarlson\node_modules\scissors\node_modules\bufferstream\package.json
346 silly install resolved []
347 verbose about to build C:\Users\ncarlson\node_modules\scissors\node_modules\async
348 info build C:\Users\ncarlson\node_modules\scissors\node_modules\async
349 info linkStuff async@0.1.22
350 silly linkStuff async@0.1.22 has C:\Users\ncarlson\node_modules\scissors\node_modules as its parent node_modules
351 info preinstall bufferstream@0.5.2
352 verbose linkBins async@0.1.22
353 verbose linkMans async@0.1.22
354 verbose rebuildBundles async@0.1.22
355 verbose readDependencies loading dependencies from C:\Users\ncarlson\node_modules\scissors\node_modules\bufferstream\package.json
356 info install async@0.1.22
357 info postinstall async@0.1.22
358 silly prepareForInstallMany adding buffertools@>= 1.0.3 from bufferstream dependencies
359 verbose readDependencies loading dependencies from C:\Users\ncarlson\node_modules\scissors\node_modules\bufferstream\package.json
360 verbose unlock done using C:\Users\ncarlson\AppData\Roaming\npm-cache\_locks\async-cf6157642a0ef901.lock for C:\Users\ncarlson\node_modules\scissors\node_modules\async
361 silly cache add args [ 'buffertools@>= 1.0.3', null ]
362 verbose cache add spec buffertools@>= 1.0.3
363 silly cache add parsed spec { raw: 'buffertools@>= 1.0.3',
363 silly cache add   scope: null,
363 silly cache add   name: 'buffertools',
363 silly cache add   rawSpec: '>= 1.0.3',
363 silly cache add   spec: '>=1.0.3',
363 silly cache add   type: 'range' }
364 silly addNamed buffertools@>=1.0.3
365 verbose addNamed ">=1.0.3" is a valid semver range for buffertools
366 silly addNameRange { name: 'buffertools', range: '>=1.0.3', hasData: false }
367 silly mapToRegistry name buffertools
368 silly mapToRegistry using default registry
369 silly mapToRegistry registry https://registry.npmjs.org/
370 silly mapToRegistry uri https://registry.npmjs.org/buffertools
371 verbose addNameRange registry:https://registry.npmjs.org/buffertools not in flight; fetching
372 verbose request uri https://registry.npmjs.org/buffertools
373 verbose request no auth needed
374 info attempt registry request try #1 at 10:50:14 AM
375 verbose etag "9VDTYSK63F6SIN5VJAOVPP7BU"
376 http request GET https://registry.npmjs.org/buffertools
377 http 304 https://registry.npmjs.org/buffertools
378 silly get cb [ 304,
378 silly get   { date: 'Tue, 06 Oct 2015 17:50:14 GMT',
378 silly get     via: '1.1 varnish',
378 silly get     'cache-control': 'max-age=60',
378 silly get     etag: '"9VDTYSK63F6SIN5VJAOVPP7BU"',
378 silly get     age: '0',
378 silly get     connection: 'keep-alive',
378 silly get     'x-served-by': 'cache-lax1420-LAX',
378 silly get     'x-cache': 'HIT',
378 silly get     'x-cache-hits': '1',
378 silly get     'x-timer': 'S1444153814.507777,VS0,VE47',
378 silly get     vary: 'Accept' } ]
379 verbose etag https://registry.npmjs.org/buffertools from cache
380 verbose get saving buffertools to C:\Users\ncarlson\AppData\Roaming\npm-cache\registry.npmjs.org\buffertools\.cache.json
381 silly addNameRange number 2 { name: 'buffertools', range: '>=1.0.3', hasData: true }
382 silly addNameRange versions [ 'buffertools',
382 silly addNameRange   [ '1.0.0',
382 silly addNameRange     '1.0.1',
382 silly addNameRange     '1.0.2',
382 silly addNameRange     '1.0.3',
382 silly addNameRange     '1.0.4',
382 silly addNameRange     '1.0.5',
382 silly addNameRange     '1.0.6',
382 silly addNameRange     '1.0.7',
382 silly addNameRange     '1.0.8',
382 silly addNameRange     '1.0.9',
382 silly addNameRange     '1.1.0',
382 silly addNameRange     '1.1.1',
382 silly addNameRange     '2.0.0',
382 silly addNameRange     '2.0.1',
382 silly addNameRange     '2.1.0',
382 silly addNameRange     '2.1.1',
382 silly addNameRange     '2.1.2',
382 silly addNameRange     '2.1.3' ] ]
383 silly addNamed buffertools@2.1.3
384 verbose addNamed "2.1.3" is a plain semver version for buffertools
385 silly cache afterAdd buffertools@2.1.3
386 verbose afterAdd C:\Users\ncarlson\AppData\Roaming\npm-cache\buffertools\2.1.3\package\package.json not in flight; writing
387 verbose afterAdd C:\Users\ncarlson\AppData\Roaming\npm-cache\buffertools\2.1.3\package\package.json written
388 silly install resolved [ { name: 'buffertools',
388 silly install resolved     main: 'buffertools',
388 silly install resolved     version: '2.1.3',
388 silly install resolved     keywords: [ 'buffer', 'buffers' ],
388 silly install resolved     description: 'Working with node.js buffers made easy.',
388 silly install resolved     homepage: 'https://github.com/bnoordhuis/node-buffertools',
388 silly install resolved     author:
388 silly install resolved      { name: 'Ben Noordhuis',
388 silly install resolved        email: 'info@bnoordhuis.nl',
388 silly install resolved        url: 'http://bnoordhuis.nl/' },
388 silly install resolved     repository:
388 silly install resolved      { type: 'git',
388 silly install resolved        url: 'git+https://github.com/bnoordhuis/node-buffertools.git' },
388 silly install resolved     engines: { node: '>=0.3.0' },
388 silly install resolved     scripts: { test: 'node test.js', install: 'node-gyp rebuild' },
388 silly install resolved     license: 'ISC',
388 silly install resolved     gypfile: true,
388 silly install resolved     contributors: [ [Object], [Object], [Object], [Object], [Object] ],
388 silly install resolved     gitHead: '1912a927cbab036ccb06204586282a60db38f97a',
388 silly install resolved     bugs: { url: 'https://github.com/bnoordhuis/node-buffertools/issues' },
388 silly install resolved     _id: 'buffertools@2.1.3',
388 silly install resolved     _shasum: '34d3bf0565ed79e29877c2a6217ccfce9a3b3423',
388 silly install resolved     _from: 'buffertools@>=1.0.3',
388 silly install resolved     _npmVersion: '2.11.3',
388 silly install resolved     _nodeVersion: '2.3.2-pre',
388 silly install resolved     _npmUser: { name: 'bnoordhuis', email: 'info@bnoordhuis.nl' },
388 silly install resolved     maintainers: [ [Object] ],
388 silly install resolved     dist:
388 silly install resolved      { shasum: '34d3bf0565ed79e29877c2a6217ccfce9a3b3423',
388 silly install resolved        tarball: 'http://registry.npmjs.org/buffertools/-/buffertools-2.1.3.tgz' },
388 silly install resolved     directories: {},
388 silly install resolved     _resolved: 'https://registry.npmjs.org/buffertools/-/buffertools-2.1.3.tgz',
388 silly install resolved     readme: 'ERROR: No README data found!' } ]
389 info install buffertools@2.1.3 into C:\Users\ncarlson\node_modules\scissors\node_modules\bufferstream
390 info installOne buffertools@2.1.3
391 verbose installOne of buffertools to C:\Users\ncarlson\node_modules\scissors\node_modules\bufferstream not in flight; installing
392 verbose lock using C:\Users\ncarlson\AppData\Roaming\npm-cache\_locks\buffertools-bc616f782fdc4611.lock for C:\Users\ncarlson\node_modules\scissors\node_modules\bufferstream\node_modules\buffertools
393 silly install write writing buffertools 2.1.3 to C:\Users\ncarlson\node_modules\scissors\node_modules\bufferstream\node_modules\buffertools
394 verbose unbuild node_modules\scissors\node_modules\bufferstream\node_modules\buffertools
395 silly gentlyRm C:\Users\ncarlson\node_modules\scissors\node_modules\bufferstream\node_modules\buffertools is being purged from base C:\Users\ncarlson
396 verbose gentlyRm don't care about contents; nuking C:\Users\ncarlson\node_modules\scissors\node_modules\bufferstream\node_modules\buffertools
397 verbose tar unpack C:\Users\ncarlson\AppData\Roaming\npm-cache\buffertools\2.1.3\package.tgz
398 verbose tar unpacking to C:\Users\ncarlson\node_modules\scissors\node_modules\bufferstream\node_modules\buffertools
399 silly gentlyRm C:\Users\ncarlson\node_modules\scissors\node_modules\bufferstream\node_modules\buffertools is being purged
400 verbose gentlyRm don't care about contents; nuking C:\Users\ncarlson\node_modules\scissors\node_modules\bufferstream\node_modules\buffertools
401 silly gunzTarPerm modes [ '777', '666' ]
402 silly gunzTarPerm extractEntry package.json
403 silly gunzTarPerm modified mode [ 'package.json', 436, 438 ]
404 silly gunzTarPerm extractEntry .npmignore
405 silly gunzTarPerm modified mode [ '.npmignore', 436, 438 ]
406 silly gunzTarPerm extractEntry README.md
407 silly gunzTarPerm modified mode [ 'README.md', 436, 438 ]
408 silly gunzTarPerm extractEntry LICENSE
409 silly gunzTarPerm modified mode [ 'LICENSE', 436, 438 ]
410 silly gunzTarPerm extractEntry buffertools.js
411 silly gunzTarPerm modified mode [ 'buffertools.js', 436, 438 ]
412 silly gunzTarPerm extractEntry test.js
413 silly gunzTarPerm modified mode [ 'test.js', 436, 438 ]
414 silly gunzTarPerm extractEntry binding.gyp
415 silly gunzTarPerm modified mode [ 'binding.gyp', 436, 438 ]
416 silly gunzTarPerm extractEntry buffertools.cc
417 silly gunzTarPerm modified mode [ 'buffertools.cc', 436, 438 ]
418 silly gunzTarPerm extractEntry BoyerMoore.h
419 silly gunzTarPerm modified mode [ 'BoyerMoore.h', 436, 438 ]
420 silly gunzTarPerm extractEntry AUTHORS
421 silly gunzTarPerm modified mode [ 'AUTHORS', 436, 438 ]
422 silly gunzTarPerm extractEntry .mailmap
423 silly gunzTarPerm modified mode [ '.mailmap', 436, 438 ]
424 verbose write writing to C:\Users\ncarlson\node_modules\scissors\node_modules\bufferstream\node_modules\buffertools\package.json
425 info preinstall buffertools@2.1.3
426 verbose readDependencies loading dependencies from C:\Users\ncarlson\node_modules\scissors\node_modules\bufferstream\node_modules\buffertools\package.json
427 verbose readDependencies loading dependencies from C:\Users\ncarlson\node_modules\scissors\node_modules\bufferstream\node_modules\buffertools\package.json
428 silly install resolved []
429 verbose about to build C:\Users\ncarlson\node_modules\scissors\node_modules\bufferstream\node_modules\buffertools
430 info build C:\Users\ncarlson\node_modules\scissors\node_modules\bufferstream\node_modules\buffertools
431 info linkStuff buffertools@2.1.3
432 silly linkStuff buffertools@2.1.3 has C:\Users\ncarlson\node_modules\scissors\node_modules\bufferstream\node_modules as its parent node_modules
433 verbose linkBins buffertools@2.1.3
434 verbose linkMans buffertools@2.1.3
435 verbose rebuildBundles buffertools@2.1.3
436 info install buffertools@2.1.3
437 verbose unsafe-perm in lifecycle true
438 info buffertools@2.1.3 Failed to exec install script
439 verbose unlock done using C:\Users\ncarlson\AppData\Roaming\npm-cache\_locks\buffertools-bc616f782fdc4611.lock for C:\Users\ncarlson\node_modules\scissors\node_modules\bufferstream\node_modules\buffertools
440 verbose about to build C:\Users\ncarlson\node_modules\scissors\node_modules\bufferstream
441 verbose unlock done using C:\Users\ncarlson\AppData\Roaming\npm-cache\_locks\bufferstream-0c20852da1db5daa.lock for C:\Users\ncarlson\node_modules\scissors\node_modules\bufferstream
442 verbose about to build C:\Users\ncarlson\node_modules\scissors
443 verbose unlock done using C:\Users\ncarlson\AppData\Roaming\npm-cache\_locks\scissors-99ec26b2028e087e.lock for C:\Users\ncarlson\node_modules\scissors
444 verbose stack Error: buffertools@2.1.3 install: `node-gyp rebuild`
444 verbose stack Exit status 1
444 verbose stack     at EventEmitter.<anonymous> (C:\Program Files\nodejs\node_modules\npm\lib\utils\lifecycle.js:213:16)
444 verbose stack     at EventEmitter.emit (events.js:110:17)
444 verbose stack     at ChildProcess.<anonymous> (C:\Program Files\nodejs\node_modules\npm\lib\utils\spawn.js:24:14)
444 verbose stack     at ChildProcess.emit (events.js:110:17)
444 verbose stack     at maybeClose (child_process.js:1015:16)
444 verbose stack     at Process.ChildProcess._handle.onexit (child_process.js:1087:5)
445 verbose pkgid buffertools@2.1.3
446 verbose cwd C:\Users\ncarlson\Documents\Visual Studio 2015\Projects\IT3GradingHelper
447 error Windows_NT 6.3.9600
448 error argv "C:\\Program Files\\nodejs\\\\node.exe" "C:\\Program Files\\nodejs\\node_modules\\npm\\bin\\npm-cli.js" "install" "scissors"
449 error node v0.12.7
450 error npm  v2.11.3
451 error code ELIFECYCLE
452 error buffertools@2.1.3 install: `node-gyp rebuild`
452 error Exit status 1
453 error Failed at the buffertools@2.1.3 install script 'node-gyp rebuild'.
453 error This is most likely a problem with the buffertools package,
453 error not with npm itself.
453 error Tell the author that this fails on your system:
453 error     node-gyp rebuild
453 error You can get their info via:
453 error     npm owner ls buffertools
453 error There is likely additional logging output above.
454 verbose exit [ 1, true ]
455 verbose unbuild node_modules\scissors\node_modules\bufferstream\node_modules\buffertools
456 info preuninstall buffertools@2.1.3
457 info uninstall buffertools@2.1.3
458 verbose unbuild rmStuff buffertools@2.1.3 from C:\Users\ncarlson\node_modules
459 verbose unbuild rmStuff in C:\Users\ncarlson\node_modules\scissors\node_modules\bufferstream\node_modules
460 info postuninstall buffertools@2.1.3
461 silly gentlyRm C:\Users\ncarlson\node_modules\scissors\node_modules\bufferstream\node_modules\buffertools is being purged from base C:\Users\ncarlson
462 verbose gentlyRm don't care about contents; nuking C:\Users\ncarlson\node_modules\scissors\node_modules\bufferstream\node_modules\buffertools
463 silly vacuum-fs purging C:\Users\ncarlson\node_modules\scissors\node_modules\bufferstream\node_modules\buffertools
464 silly vacuum-fs removing C:\Users\ncarlson\node_modules\scissors\node_modules\bufferstream\node_modules
465 silly vacuum-fs quitting because other entries in C:\Users\ncarlson\node_modules\scissors\node_modules\bufferstream
466 verbose unbuild node_modules\scissors\node_modules\bufferstream
467 info preuninstall bufferstream@0.5.2
468 info uninstall bufferstream@0.5.2
469 verbose unbuild rmStuff bufferstream@0.5.2 from C:\Users\ncarlson\node_modules
470 verbose unbuild rmStuff in C:\Users\ncarlson\node_modules\scissors\node_modules
471 info postuninstall bufferstream@0.5.2
472 silly gentlyRm C:\Users\ncarlson\node_modules\scissors\node_modules\bufferstream is being purged from base C:\Users\ncarlson
473 verbose gentlyRm don't care about contents; nuking C:\Users\ncarlson\node_modules\scissors\node_modules\bufferstream
474 silly vacuum-fs purging C:\Users\ncarlson\node_modules\scissors\node_modules\bufferstream
475 silly vacuum-fs quitting because other entries in C:\Users\ncarlson\node_modules\scissors\node_modules
476 verbose unbuild node_modules\scissors
477 info preuninstall scissors@0.1.0
478 info uninstall scissors@0.1.0
479 verbose unbuild rmStuff scissors@0.1.0 from C:\Users\ncarlson\node_modules
480 info postuninstall scissors@0.1.0
481 silly gentlyRm C:\Users\ncarlson\node_modules\scissors is being purged from base C:\Users\ncarlson
482 verbose gentlyRm don't care about contents; nuking C:\Users\ncarlson\node_modules\scissors
483 silly vacuum-fs purging C:\Users\ncarlson\node_modules\scissors
484 silly vacuum-fs quitting because other entries in C:\Users\ncarlson\node_modules
